<?xml version="1.0" encoding="UTF-8" standalone="yes" ?>
<test-results name="C:\MyRepository\clean-arch-delphi-live\test\Win32\Debug\clean_archteture.test.exe" total="4" errors="3" failures="0" ignored="0" inconclusive="0" not-run="0" skipped="0" invalid="0" date="2021-12-10" time="9.898">
  <culture-info current-culture="en" current-uiculture="en" />
  <test-suite type="Assembly" name="clean_archteture.test.exe" executed="true" result="Failure" success="False" time="9.898" asserts="0">
    <results>
        <test-suite type="Namespace" name="EntrarEstacionamento" executed="true" result="Success" success="True" time="9.894" asserts="0" >
          <results>
              <test-suite type="Fixture" name="TEnterParkinLot" executed="True" result="Success" success="True" time="9.894" >
                <results>
                  <test-case name="DeveEntrarEstacionamento" executed="True" result="Error" success="False" time="6.236" asserts="0" >
                    <failure>
                      <message>
                        <![CDATA[ Erro ao executar sql ]]>
                      </message>
                      <stack-trace>
                        <![CDATA[  ]]>
                      </stack-trace>
                    </failure>
                  </test-case>
                  <test-case name="DeveObterEstacionamento" executed="True" result="Success" success="True" time="0.002" asserts="0" />
                  <test-case name="DeveEstarFechado" executed="True" result="Error" success="False" time="2.629" asserts="0" >
                    <failure>
                      <message>
                        <![CDATA[ '10/12/2021 08:00' is not a valid date ]]>
                      </message>
                      <stack-trace>
                        <![CDATA[  ]]>
                      </stack-trace>
                    </failure>
                  </test-case>
                  <test-case name="DeveEstaCheio" executed="True" result="Error" success="False" time="0.797" asserts="0" >
                    <failure>
                      <message>
                        <![CDATA[ '10/12/2021 08:00' is not a valid date ]]>
                      </message>
                      <stack-trace>
                        <![CDATA[  ]]>
                      </stack-trace>
                    </failure>
                  </test-case>
                </results>
              </test-suite>
          </results>
        </test-suite>
    </results>
  </test-suite>
</test-results>
