<?xml version="1.0" encoding="UTF-8" standalone="yes" ?>
<test-results name="C:\MyRepository\clean-arch-delphi-live\sources\clean-arch-financeiro\test\Win32\Debug\financeiro_test.exe" total="2" errors="1" failures="0" ignored="0" inconclusive="0" not-run="0" skipped="0" invalid="0" date="2021-12-14" time="10.462">
  <culture-info current-culture="en" current-uiculture="en" />
  <test-suite type="Assembly" name="financeiro_test.exe" executed="true" result="Failure" success="False" time="10.462" asserts="0">
    <results>
        <test-suite type="Namespace" name="Financeiro" executed="true" result="Success" success="True" time="10.462" asserts="0" >
          <results>
              <test-suite type="Fixture" name="TFinanceirotest" executed="True" result="Success" success="True" time="10.462" >
                <results>
                  <test-case name="MakeWorthlessDeposit" executed="True" result="Success" success="True" time="0.078" asserts="0" />
                  <test-case name="CashOut" executed="True" result="Error" success="False" time="10.281" asserts="0" >
                    <failure>
                      <message>
                        <![CDATA[ There is not enough balance for this withdrawal. ]]>
                      </message>
                      <stack-trace>
                        <![CDATA[  ]]>
                      </stack-trace>
                    </failure>
                  </test-case>
                </results>
              </test-suite>
          </results>
        </test-suite>
    </results>
  </test-suite>
</test-results>
